<?xml version="1.0" encoding="UTF-8"?>
<testsuite name="CardTest" tests="4" skipped="0" failures="0" errors="0" timestamp="2016-04-28T18:36:05" hostname="epicodus-47.local" time="0.0">
  <properties/>
  <testcase name="getSuite_returnsACardsSuit_Spades" classname="CardTest" time="0.0"/>
  <testcase name="name_returnsAFormattedNameForCard_AceOfSpades" classname="CardTest" time="0.0"/>
  <testcase name="card_initializesCorrectly_true" classname="CardTest" time="0.0"/>
  <testcase name="getValue_returnsACardsValue_Ace" classname="CardTest" time="0.0"/>
  <system-out><![CDATA[]]></system-out>
  <system-err><![CDATA[]]></system-err>
</testsuite>
